<?xml version="1.0" encoding="UTF-8"?>
<testsuite xmlns:xsi="http://www.w3.org/2001/XMLSchema-instance" xsi:noNamespaceSchemaLocation="https://maven.apache.org/surefire/maven-surefire-plugin/xsd/surefire-test-report.xsd" name="Runner.Runner" time="33.899" tests="20" errors="0" skipped="0" failures="0">
  <properties>
    <property name="gopherProxySet" value="false"/>
    <property name="awt.toolkit" value="sun.lwawt.macosx.LWCToolkit"/>
    <property name="java.specification.version" value="10"/>
    <property name="file.encoding.pkg" value="sun.io"/>
    <property name="sun.cpu.isalist" value=""/>
    <property name="sun.jnu.encoding" value="UTF-8"/>
    <property name="java.class.path" value="/Users/akshaya/ComputerDatabase/Assignment/target/test-classes:/Users/akshaya/ComputerDatabase/Assignment/target/classes:/Users/akshaya/.m2/repository/info/cukes/cucumber-junit/1.2.4/cucumber-junit-1.2.4.jar:/Users/akshaya/.m2/repository/info/cukes/cucumber-java/1.2.4/cucumber-java-1.2.4.jar:/Users/akshaya/.m2/repository/info/cukes/cucumber-core/1.2.4/cucumber-core-1.2.4.jar:/Users/akshaya/.m2/repository/info/cukes/cucumber-html/0.2.3/cucumber-html-0.2.3.jar:/Users/akshaya/.m2/repository/info/cukes/cucumber-jvm-deps/1.0.5/cucumber-jvm-deps-1.0.5.jar:/Users/akshaya/.m2/repository/info/cukes/gherkin/2.12.2/gherkin-2.12.2.jar:/Users/akshaya/.m2/repository/info/cukes/cucumber-picocontainer/1.2.4/cucumber-picocontainer-1.2.4.jar:/Users/akshaya/.m2/repository/org/picocontainer/picocontainer/2.15/picocontainer-2.15.jar:/Users/akshaya/.m2/repository/junit/junit/4.12/junit-4.12.jar:/Users/akshaya/.m2/repository/org/hamcrest/hamcrest-core/1.3/hamcrest-core-1.3.jar:/Users/akshaya/.m2/repository/org/slf4j/slf4j-api/1.7.25/slf4j-api-1.7.25.jar:/Users/akshaya/.m2/repository/org/slf4j/slf4j-simple/1.7.25/slf4j-simple-1.7.25.jar:/Users/akshaya/.m2/repository/com/googlecode/json-simple/json-simple/1.1.1/json-simple-1.1.1.jar:/Users/akshaya/.m2/repository/io/github/bonigarcia/webdrivermanager/2.1.0/webdrivermanager-2.1.0.jar:/Users/akshaya/.m2/repository/commons-io/commons-io/2.5/commons-io-2.5.jar:/Users/akshaya/.m2/repository/com/google/code/gson/gson/2.8.0/gson-2.8.0.jar:/Users/akshaya/.m2/repository/org/apache/commons/commons-lang3/3.5/commons-lang3-3.5.jar:/Users/akshaya/.m2/repository/org/apache/httpcomponents/httpclient/4.5.3/httpclient-4.5.3.jar:/Users/akshaya/.m2/repository/org/rauschig/jarchivelib/0.7.1/jarchivelib-0.7.1.jar:/Users/akshaya/.m2/repository/org/apache/commons/commons-compress/1.9/commons-compress-1.9.jar:/Users/akshaya/.m2/repository/org/jsoup/jsoup/1.10.2/jsoup-1.10.2.jar:/Users/akshaya/.m2/repository/org/seleniumhq/selenium/selenium-java/3.11.0/selenium-java-3.11.0.jar:/Users/akshaya/.m2/repository/org/seleniumhq/selenium/selenium-api/3.11.0/selenium-api-3.11.0.jar:/Users/akshaya/.m2/repository/org/seleniumhq/selenium/selenium-chrome-driver/3.11.0/selenium-chrome-driver-3.11.0.jar:/Users/akshaya/.m2/repository/org/seleniumhq/selenium/selenium-edge-driver/3.11.0/selenium-edge-driver-3.11.0.jar:/Users/akshaya/.m2/repository/org/seleniumhq/selenium/selenium-firefox-driver/3.11.0/selenium-firefox-driver-3.11.0.jar:/Users/akshaya/.m2/repository/org/seleniumhq/selenium/selenium-ie-driver/3.11.0/selenium-ie-driver-3.11.0.jar:/Users/akshaya/.m2/repository/org/seleniumhq/selenium/selenium-opera-driver/3.11.0/selenium-opera-driver-3.11.0.jar:/Users/akshaya/.m2/repository/org/seleniumhq/selenium/selenium-remote-driver/3.11.0/selenium-remote-driver-3.11.0.jar:/Users/akshaya/.m2/repository/org/seleniumhq/selenium/selenium-safari-driver/3.11.0/selenium-safari-driver-3.11.0.jar:/Users/akshaya/.m2/repository/org/seleniumhq/selenium/selenium-support/3.11.0/selenium-support-3.11.0.jar:/Users/akshaya/.m2/repository/net/bytebuddy/byte-buddy/1.7.9/byte-buddy-1.7.9.jar:/Users/akshaya/.m2/repository/org/apache/commons/commons-exec/1.3/commons-exec-1.3.jar:/Users/akshaya/.m2/repository/commons-codec/commons-codec/1.10/commons-codec-1.10.jar:/Users/akshaya/.m2/repository/commons-logging/commons-logging/1.2/commons-logging-1.2.jar:/Users/akshaya/.m2/repository/com/google/guava/guava/23.6-jre/guava-23.6-jre.jar:/Users/akshaya/.m2/repository/com/google/code/findbugs/jsr305/1.3.9/jsr305-1.3.9.jar:/Users/akshaya/.m2/repository/org/checkerframework/checker-compat-qual/2.0.0/checker-compat-qual-2.0.0.jar:/Users/akshaya/.m2/repository/com/google/errorprone/error_prone_annotations/2.1.3/error_prone_annotations-2.1.3.jar:/Users/akshaya/.m2/repository/com/google/j2objc/j2objc-annotations/1.1/j2objc-annotations-1.1.jar:/Users/akshaya/.m2/repository/org/codehaus/mojo/animal-sniffer-annotations/1.14/animal-sniffer-annotations-1.14.jar:/Users/akshaya/.m2/repository/org/apache/httpcomponents/httpcore/4.4.6/httpcore-4.4.6.jar:/Users/akshaya/.m2/repository/com/squareup/okhttp3/okhttp/3.9.1/okhttp-3.9.1.jar:/Users/akshaya/.m2/repository/com/squareup/okio/okio/1.13.0/okio-1.13.0.jar:/Users/akshaya/.m2/repository/com/beust/jcommander/1.27/jcommander-1.27.jar:/Users/akshaya/.m2/repository/com/github/javafaker/javafaker/0.14/javafaker-0.14.jar:/Users/akshaya/.m2/repository/org/yaml/snakeyaml/1.19/snakeyaml-1.19-android.jar:/Users/akshaya/.m2/repository/com/github/mifmif/generex/1.0.2/generex-1.0.2.jar:/Users/akshaya/.m2/repository/dk/brics/automaton/automaton/1.11-8/automaton-1.11-8.jar:"/>
    <property name="java.vm.vendor" value="&quot;Oracle Corporation&quot;"/>
    <property name="sun.arch.data.model" value="64"/>
    <property name="java.vendor.url" value="http://java.oracle.com/"/>
    <property name="user.timezone" value=""/>
    <property name="java.vm.specification.version" value="10"/>
    <property name="os.name" value="Mac OS X"/>
    <property name="sun.java.launcher" value="SUN_STANDARD"/>
    <property name="user.country" value="IN"/>
    <property name="sun.boot.library.path" value="/Library/Java/JavaVirtualMachines/jdk-10.0.1.jdk/Contents/Home/lib"/>
    <property name="sun.java.command" value="/Users/akshaya/ComputerDatabase/Assignment/target/surefire/surefirebooter10646577379830488279.jar /Users/akshaya/ComputerDatabase/Assignment/target/surefire 2018-07-07T18-07-59_142-jvmRun1 surefire17821094046341815244tmp surefire_06969146024975531571tmp"/>
    <property name="http.nonProxyHosts" value="local|*.local|169.254/16|*.169.254/16"/>
    <property name="jdk.debug" value="release"/>
    <property name="surefire.test.class.path" value="/Users/akshaya/ComputerDatabase/Assignment/target/test-classes:/Users/akshaya/ComputerDatabase/Assignment/target/classes:/Users/akshaya/.m2/repository/info/cukes/cucumber-junit/1.2.4/cucumber-junit-1.2.4.jar:/Users/akshaya/.m2/repository/info/cukes/cucumber-java/1.2.4/cucumber-java-1.2.4.jar:/Users/akshaya/.m2/repository/info/cukes/cucumber-core/1.2.4/cucumber-core-1.2.4.jar:/Users/akshaya/.m2/repository/info/cukes/cucumber-html/0.2.3/cucumber-html-0.2.3.jar:/Users/akshaya/.m2/repository/info/cukes/cucumber-jvm-deps/1.0.5/cucumber-jvm-deps-1.0.5.jar:/Users/akshaya/.m2/repository/info/cukes/gherkin/2.12.2/gherkin-2.12.2.jar:/Users/akshaya/.m2/repository/info/cukes/cucumber-picocontainer/1.2.4/cucumber-picocontainer-1.2.4.jar:/Users/akshaya/.m2/repository/org/picocontainer/picocontainer/2.15/picocontainer-2.15.jar:/Users/akshaya/.m2/repository/junit/junit/4.12/junit-4.12.jar:/Users/akshaya/.m2/repository/org/hamcrest/hamcrest-core/1.3/hamcrest-core-1.3.jar:/Users/akshaya/.m2/repository/org/slf4j/slf4j-api/1.7.25/slf4j-api-1.7.25.jar:/Users/akshaya/.m2/repository/org/slf4j/slf4j-simple/1.7.25/slf4j-simple-1.7.25.jar:/Users/akshaya/.m2/repository/com/googlecode/json-simple/json-simple/1.1.1/json-simple-1.1.1.jar:/Users/akshaya/.m2/repository/io/github/bonigarcia/webdrivermanager/2.1.0/webdrivermanager-2.1.0.jar:/Users/akshaya/.m2/repository/commons-io/commons-io/2.5/commons-io-2.5.jar:/Users/akshaya/.m2/repository/com/google/code/gson/gson/2.8.0/gson-2.8.0.jar:/Users/akshaya/.m2/repository/org/apache/commons/commons-lang3/3.5/commons-lang3-3.5.jar:/Users/akshaya/.m2/repository/org/apache/httpcomponents/httpclient/4.5.3/httpclient-4.5.3.jar:/Users/akshaya/.m2/repository/org/rauschig/jarchivelib/0.7.1/jarchivelib-0.7.1.jar:/Users/akshaya/.m2/repository/org/apache/commons/commons-compress/1.9/commons-compress-1.9.jar:/Users/akshaya/.m2/repository/org/jsoup/jsoup/1.10.2/jsoup-1.10.2.jar:/Users/akshaya/.m2/repository/org/seleniumhq/selenium/selenium-java/3.11.0/selenium-java-3.11.0.jar:/Users/akshaya/.m2/repository/org/seleniumhq/selenium/selenium-api/3.11.0/selenium-api-3.11.0.jar:/Users/akshaya/.m2/repository/org/seleniumhq/selenium/selenium-chrome-driver/3.11.0/selenium-chrome-driver-3.11.0.jar:/Users/akshaya/.m2/repository/org/seleniumhq/selenium/selenium-edge-driver/3.11.0/selenium-edge-driver-3.11.0.jar:/Users/akshaya/.m2/repository/org/seleniumhq/selenium/selenium-firefox-driver/3.11.0/selenium-firefox-driver-3.11.0.jar:/Users/akshaya/.m2/repository/org/seleniumhq/selenium/selenium-ie-driver/3.11.0/selenium-ie-driver-3.11.0.jar:/Users/akshaya/.m2/repository/org/seleniumhq/selenium/selenium-opera-driver/3.11.0/selenium-opera-driver-3.11.0.jar:/Users/akshaya/.m2/repository/org/seleniumhq/selenium/selenium-remote-driver/3.11.0/selenium-remote-driver-3.11.0.jar:/Users/akshaya/.m2/repository/org/seleniumhq/selenium/selenium-safari-driver/3.11.0/selenium-safari-driver-3.11.0.jar:/Users/akshaya/.m2/repository/org/seleniumhq/selenium/selenium-support/3.11.0/selenium-support-3.11.0.jar:/Users/akshaya/.m2/repository/net/bytebuddy/byte-buddy/1.7.9/byte-buddy-1.7.9.jar:/Users/akshaya/.m2/repository/org/apache/commons/commons-exec/1.3/commons-exec-1.3.jar:/Users/akshaya/.m2/repository/commons-codec/commons-codec/1.10/commons-codec-1.10.jar:/Users/akshaya/.m2/repository/commons-logging/commons-logging/1.2/commons-logging-1.2.jar:/Users/akshaya/.m2/repository/com/google/guava/guava/23.6-jre/guava-23.6-jre.jar:/Users/akshaya/.m2/repository/com/google/code/findbugs/jsr305/1.3.9/jsr305-1.3.9.jar:/Users/akshaya/.m2/repository/org/checkerframework/checker-compat-qual/2.0.0/checker-compat-qual-2.0.0.jar:/Users/akshaya/.m2/repository/com/google/errorprone/error_prone_annotations/2.1.3/error_prone_annotations-2.1.3.jar:/Users/akshaya/.m2/repository/com/google/j2objc/j2objc-annotations/1.1/j2objc-annotations-1.1.jar:/Users/akshaya/.m2/repository/org/codehaus/mojo/animal-sniffer-annotations/1.14/animal-sniffer-annotations-1.14.jar:/Users/akshaya/.m2/repository/org/apache/httpcomponents/httpcore/4.4.6/httpcore-4.4.6.jar:/Users/akshaya/.m2/repository/com/squareup/okhttp3/okhttp/3.9.1/okhttp-3.9.1.jar:/Users/akshaya/.m2/repository/com/squareup/okio/okio/1.13.0/okio-1.13.0.jar:/Users/akshaya/.m2/repository/com/beust/jcommander/1.27/jcommander-1.27.jar:/Users/akshaya/.m2/repository/com/github/javafaker/javafaker/0.14/javafaker-0.14.jar:/Users/akshaya/.m2/repository/org/yaml/snakeyaml/1.19/snakeyaml-1.19-android.jar:/Users/akshaya/.m2/repository/com/github/mifmif/generex/1.0.2/generex-1.0.2.jar:/Users/akshaya/.m2/repository/dk/brics/automaton/automaton/1.11-8/automaton-1.11-8.jar:"/>
    <property name="sun.cpu.endian" value="little"/>
    <property name="user.home" value="/Users/akshaya"/>
    <property name="user.language" value="en"/>
    <property name="java.specification.vendor" value="Oracle Corporation"/>
    <property name="java.version.date" value="2018-04-17"/>
    <property name="java.home" value="/Library/Java/JavaVirtualMachines/jdk-10.0.1.jdk/Contents/Home"/>
    <property name="file.separator" value="/"/>
    <property name="basedir" value="/Users/akshaya/ComputerDatabase/Assignment"/>
    <property name="java.vm.compressedOopsMode" value="Zero based"/>
    <property name="line.separator" value="&#10;"/>
    <property name="java.specification.name" value="Java Platform API Specification"/>
    <property name="java.vm.specification.vendor" value="Oracle Corporation"/>
    <property name="java.awt.graphicsenv" value="sun.awt.CGraphicsEnvironment"/>
    <property name="surefire.real.class.path" value="/Users/akshaya/ComputerDatabase/Assignment/target/surefire/surefirebooter10646577379830488279.jar"/>
    <property name="sun.management.compiler" value="HotSpot 64-Bit Tiered Compilers"/>
    <property name="ftp.nonProxyHosts" value="local|*.local|169.254/16|*.169.254/16"/>
    <property name="java.runtime.version" value="10.0.1+10"/>
    <property name="user.name" value="akshaya"/>
    <property name="path.separator" value=":"/>
    <property name="os.version" value="10.12.6"/>
    <property name="java.runtime.name" value="Java(TM) SE Runtime Environment"/>
    <property name="file.encoding" value="US-ASCII"/>
    <property name="java.vm.name" value="Java HotSpot(TM) 64-Bit Server VM"/>
    <property name="java.vendor.version" value="18.3"/>
    <property name="localRepository" value="/Users/akshaya/.m2/repository"/>
    <property name="java.vendor.url.bug" value="http://bugreport.java.com/bugreport/"/>
    <property name="java.io.tmpdir" value="/var/folders/1m/kmlkzyqn58v1j0cmfrskhdch0000gn/T/"/>
    <property name="java.version" value="10.0.1"/>
    <property name="user.dir" value="/Users/akshaya/ComputerDatabase/Assignment"/>
    <property name="os.arch" value="x86_64"/>
    <property name="java.vm.specification.name" value="Java Virtual Machine Specification"/>
    <property name="java.awt.printerjob" value="sun.lwawt.macosx.CPrinterJob"/>
    <property name="sun.os.patch.level" value="unknown"/>
    <property name="java.library.path" value="/Users/akshaya/Library/Java/Extensions:/Library/Java/Extensions:/Network/Library/Java/Extensions:/System/Library/Java/Extensions:/usr/lib/java:."/>
    <property name="java.vendor" value="Oracle Corporation"/>
    <property name="java.vm.info" value="mixed mode"/>
    <property name="java.vm.version" value="10.0.1+10"/>
    <property name="sun.io.unicode.encoding" value="UnicodeBig"/>
    <property name="java.class.version" value="54.0"/>
    <property name="socksNonProxyHosts" value="local|*.local|169.254/16|*.169.254/16"/>
  </properties>
  <testcase name="Given User is able to launch the application" classname="Scenario: User is able to add new computer in computer database" time="0.002"/>
  <testcase name="When User click on add button and fill computer details and click create button" classname="Scenario: User is able to add new computer in computer database" time="0.003"/>
  <testcase name="Then Computer is added in database" classname="Scenario: User is able to add new computer in computer database" time="0"/>
  <testcase name="Scenario: User is able to add new computer in computer database" classname="Scenario: User is able to add new computer in computer database" time="0.088"/>
  <testcase name="Given User is able to launch the application" classname="Scenario: User is able to click cancel button and computer is not created" time="0"/>
  <testcase name="When User click on add button and fill computer details and click cancel button" classname="Scenario: User is able to click cancel button and computer is not created" time="0"/>
  <testcase name="Then Computer is not added in database" classname="Scenario: User is able to click cancel button and computer is not created" time="0"/>
  <testcase name="Scenario: User is able to click cancel button and computer is not created" classname="Scenario: User is able to click cancel button and computer is not created" time="0.084"/>
  <testcase name="Given Computer is present in computer database list" classname="Scenario: Delete the computer from computer database list" time="0"/>
  <testcase name="When User click on delete button" classname="Scenario: Delete the computer from computer database list" time="0"/>
  <testcase name="Then User get deleted from computer list" classname="Scenario: Delete the computer from computer database list" time="0"/>
  <testcase name="Scenario: Delete the computer from computer database list" classname="Scenario: Delete the computer from computer database list" time="0.081"/>
  <testcase name="Given Computer is present in computer database" classname="Scenario: User is able to edit details of Computer" time="0"/>
  <testcase name="When User edit the details of computer" classname="Scenario: User is able to edit details of Computer" time="0"/>
  <testcase name="Then New details should be added" classname="Scenario: User is able to edit details of Computer" time="0"/>
  <testcase name="Scenario: User is able to edit details of Computer" classname="Scenario: User is able to edit details of Computer" time="0.092"/>
  <testcase name="Given Computer is in database" classname="Scenario: User able to view details of computer" time="0"/>
  <testcase name="When User click on computer in computer database list" classname="Scenario: User able to view details of computer" time="0"/>
  <testcase name="Then User is able to see the details of computer" classname="Scenario: User able to view details of computer" time="0"/>
  <testcase name="Scenario: User able to view details of computer" classname="Scenario: User able to view details of computer" time="0.086"/>
</testsuite>